0 info it worked if it ends with ok
1 verbose cli [ '/usr/bin/nodejs', '/usr/bin/npm', 'start' ]
2 info using npm@4.1.2
3 info using node@v7.7.3
4 verbose run-script [ 'prestart', 'start', 'poststart' ]
5 info lifecycle Practice@1.0.0~prestart: Practice@1.0.0
6 silly lifecycle Practice@1.0.0~prestart: no script for prestart, continuing
7 info lifecycle Practice@1.0.0~start: Practice@1.0.0
8 verbose lifecycle Practice@1.0.0~start: unsafe-perm in lifecycle true
9 verbose lifecycle Practice@1.0.0~start: PATH: /usr/lib/node_modules/npm/bin/node-gyp-bin:/home/prasetiady/Documents/GoHackathon/goceng/app/node_modules/.bin:/home/prasetiady/.kiex/elixirs/elixir-1.3.4/bin:/home/prasetiady/.kiex/bin:/home/prasetiady/.kiex/elixirs/elixir-1.3.4/bin:/home/prasetiady/.kiex/bin:/home/prasetiady/bin:/home/prasetiady/.local/bin:/usr/local/sbin:/usr/local/bin:/usr/sbin:/usr/bin:/sbin:/bin:/usr/games:/usr/local/games:/usr/local/share/activator/bin:/snap/bin:/usr/lib/jvm/java-8-oracle/bin:/usr/lib/jvm/java-8-oracle/db/bin:/usr/lib/jvm/java-8-oracle/jre/bin:/usr/local/share/scala/scala-2.12.1/bin:/home/prasetiady/.rvm/bin:/home/prasetiady/.rvm/bin:/home/prasetiady/.rvm/bin
10 verbose lifecycle Practice@1.0.0~start: CWD: /home/prasetiady/Documents/GoHackathon/goceng/app
11 silly lifecycle Practice@1.0.0~start: Args: [ '-c',
11 silly lifecycle   'NODE_ENV=development webpack-dev-server --port 80 --inline --content-base dist --history-api-fallback' ]
12 silly lifecycle Practice@1.0.0~start: Returned: code: 1  signal: null
13 info lifecycle Practice@1.0.0~start: Failed to exec start script
14 verbose stack Error: Practice@1.0.0 start: `NODE_ENV=development webpack-dev-server --port 80 --inline --content-base dist --history-api-fallback`
14 verbose stack Exit status 1
14 verbose stack     at EventEmitter.<anonymous> (/usr/lib/node_modules/npm/lib/utils/lifecycle.js:279:16)
14 verbose stack     at emitTwo (events.js:106:13)
14 verbose stack     at EventEmitter.emit (events.js:194:7)
14 verbose stack     at ChildProcess.<anonymous> (/usr/lib/node_modules/npm/lib/utils/spawn.js:40:14)
14 verbose stack     at emitTwo (events.js:106:13)
14 verbose stack     at ChildProcess.emit (events.js:194:7)
14 verbose stack     at maybeClose (internal/child_process.js:899:16)
14 verbose stack     at Process.ChildProcess._handle.onexit (internal/child_process.js:226:5)
15 verbose pkgid Practice@1.0.0
16 verbose cwd /home/prasetiady/Documents/GoHackathon/goceng/app
17 error Linux 4.4.0-66-generic
18 error argv "/usr/bin/nodejs" "/usr/bin/npm" "start"
19 error node v7.7.3
20 error npm  v4.1.2
21 error code ELIFECYCLE
22 error Practice@1.0.0 start: `NODE_ENV=development webpack-dev-server --port 80 --inline --content-base dist --history-api-fallback`
22 error Exit status 1
23 error Failed at the Practice@1.0.0 start script 'NODE_ENV=development webpack-dev-server --port 80 --inline --content-base dist --history-api-fallback'.
23 error Make sure you have the latest version of node.js and npm installed.
23 error If you do, this is most likely a problem with the Practice package,
23 error not with npm itself.
23 error Tell the author that this fails on your system:
23 error     NODE_ENV=development webpack-dev-server --port 80 --inline --content-base dist --history-api-fallback
23 error You can get information on how to open an issue for this project with:
23 error     npm bugs Practice
23 error Or if that isn't available, you can get their info via:
23 error     npm owner ls Practice
23 error There is likely additional logging output above.
24 verbose exit [ 1, true ]
